<?xml version="1.0" encoding="UTF-8"?>
<!-- Generated by org.testng.reporters.JUnitReportReporter -->
<testsuite skipped="0" hostname="LAPTOP-4QEVCKI3" name="pageObject.BookingPage" tests="1" failures="0" timestamp="2020-07-05T21:11:36 IST" time="9.187" errors="0">
  <testcase name="test" time="9.187" classname="pageObject.BookingPage"/>
  <system-out/>
</testsuite> <!-- pageObject.BookingPage -->
