<?xml version="1.0" encoding="UTF-8"?>
<!-- Generated by org.testng.reporters.JUnitReportReporter -->
<testsuite skipped="0" hostname="LAPTOP-4QEVCKI3" name="pageObject.FinalBooking" tests="1" failures="0" timestamp="2020-07-05T20:42:10 IST" time="9.775" errors="0">
  <testcase name="test" time="9.775" classname="pageObject.FinalBooking"/>
  <system-out/>
</testsuite> <!-- pageObject.FinalBooking -->
