<?xml version="1.0" encoding="UTF-8"?>
<!-- Generated by org.testng.reporters.JUnitReportReporter -->
<testsuite skipped="0" hostname="LAPTOP-4QEVCKI3" name="Testing.TravelSite.mainPage" tests="1" failures="0" timestamp="2020-07-12T00:36:58 IST" time="59.060" errors="0">
  <testcase name="Testingabc" time="59.060" classname="Testing.TravelSite.mainPage"/>
  <system-out/>
</testsuite> <!-- Testing.TravelSite.mainPage -->
