<?xml version="1.0" encoding="UTF-8"?>
<!-- Generated by org.testng.reporters.JUnitReportReporter -->
<testsuite skipped="0" hostname="LAPTOP-4QEVCKI3" name="Testing.TravelSite.Testing" tests="1" failures="0" timestamp="2020-06-22T06:51:24 IST" time="23.818" errors="0">
  <testcase name="login" time="23.818" classname="Testing.TravelSite.Testing"/>
  <system-out/>
</testsuite> <!-- Testing.TravelSite.Testing -->
